ERROR - 2026-04-15 08:42:18 --> Error connecting to the database: mysqli_sql_exception: No such file or directory in /opt/lampp/htdocs/S4/TP_codeigniter4/system/Database/MySQLi/Connection.php:201
Stack trace:
#0 /opt/lampp/htdocs/S4/TP_codeigniter4/system/Database/MySQLi/Connection.php(201): mysqli->real_connect()
#1 /opt/lampp/htdocs/S4/TP_codeigniter4/system/Database/BaseConnection.php(555): CodeIgniter\Database\MySQLi\Connection->connect()
#2 /opt/lampp/htdocs/S4/TP_codeigniter4/system/Database/BaseConnection.php(795): CodeIgniter\Database\BaseConnection->initialize()
#3 /opt/lampp/htdocs/S4/TP_codeigniter4/system/Database/BaseBuilder.php(1649): CodeIgniter\Database\BaseConnection->query()
#4 /opt/lampp/htdocs/S4/TP_codeigniter4/system/Model.php(253): CodeIgniter\Database\BaseBuilder->get()
#5 /opt/lampp/htdocs/S4/TP_codeigniter4/system/BaseModel.php(676): CodeIgniter\Model->doFindAll()
#6 /opt/lampp/htdocs/S4/TP_codeigniter4/app/Controllers/StudentController.php(14): CodeIgniter\BaseModel->findAll()
#7 /opt/lampp/htdocs/S4/TP_codeigniter4/system/CodeIgniter.php(951): App\Controllers\StudentController->index()
#8 /opt/lampp/htdocs/S4/TP_codeigniter4/system/CodeIgniter.php(497): CodeIgniter\CodeIgniter->runController()
#9 /opt/lampp/htdocs/S4/TP_codeigniter4/system/CodeIgniter.php(340): CodeIgniter\CodeIgniter->handleRequest()
#10 /opt/lampp/htdocs/S4/TP_codeigniter4/system/Boot.php(417): CodeIgniter\CodeIgniter->run()
#11 /opt/lampp/htdocs/S4/TP_codeigniter4/system/Boot.php(68): CodeIgniter\Boot::runCodeIgniter()
#12 /opt/lampp/htdocs/S4/TP_codeigniter4/public/index.php(59): CodeIgniter\Boot::bootWeb()
#13 {main}

Next CodeIgniter\Database\Exceptions\DatabaseException: No such file or directory in /opt/lampp/htdocs/S4/TP_codeigniter4/system/Database/MySQLi/Connection.php:231
Stack trace:
#0 /opt/lampp/htdocs/S4/TP_codeigniter4/system/Database/BaseConnection.php(555): CodeIgniter\Database\MySQLi\Connection->connect()
#1 /opt/lampp/htdocs/S4/TP_codeigniter4/system/Database/BaseConnection.php(795): CodeIgniter\Database\BaseConnection->initialize()
#2 /opt/lampp/htdocs/S4/TP_codeigniter4/system/Database/BaseBuilder.php(1649): CodeIgniter\Database\BaseConnection->query()
#3 /opt/lampp/htdocs/S4/TP_codeigniter4/system/Model.php(253): CodeIgniter\Database\BaseBuilder->get()
#4 /opt/lampp/htdocs/S4/TP_codeigniter4/system/BaseModel.php(676): CodeIgniter\Model->doFindAll()
#5 /opt/lampp/htdocs/S4/TP_codeigniter4/app/Controllers/StudentController.php(14): CodeIgniter\BaseModel->findAll()
#6 /opt/lampp/htdocs/S4/TP_codeigniter4/system/CodeIgniter.php(951): App\Controllers\StudentController->index()
#7 /opt/lampp/htdocs/S4/TP_codeigniter4/system/CodeIgniter.php(497): CodeIgniter\CodeIgniter->runController()
#8 /opt/lampp/htdocs/S4/TP_codeigniter4/system/CodeIgniter.php(340): CodeIgniter\CodeIgniter->handleRequest()
#9 /opt/lampp/htdocs/S4/TP_codeigniter4/system/Boot.php(417): CodeIgniter\CodeIgniter->run()
#10 /opt/lampp/htdocs/S4/TP_codeigniter4/system/Boot.php(68): CodeIgniter\Boot::runCodeIgniter()
#11 /opt/lampp/htdocs/S4/TP_codeigniter4/public/index.php(59): CodeIgniter\Boot::bootWeb()
#12 {main}
CRITICAL - 2026-04-15 08:42:18 --> CodeIgniter\Database\Exceptions\DatabaseException: Unable to connect to the database.
Main connection [MySQLi]: No such file or directory
[Method: GET, Route: students]
in SYSTEMPATH/Database/BaseConnection.php on line 606.
 1 SYSTEMPATH/Database/BaseConnection.php(795): CodeIgniter\Database\BaseConnection->initialize()
 2 SYSTEMPATH/Database/BaseBuilder.php(1649): CodeIgniter\Database\BaseConnection->query()
 3 SYSTEMPATH/Model.php(253): CodeIgniter\Database\BaseBuilder->get()
 4 SYSTEMPATH/BaseModel.php(676): CodeIgniter\Model->doFindAll()
 5 APPPATH/Controllers/StudentController.php(14): CodeIgniter\BaseModel->findAll()
 6 SYSTEMPATH/CodeIgniter.php(951): App\Controllers\StudentController->index()
 7 SYSTEMPATH/CodeIgniter.php(497): CodeIgniter\CodeIgniter->runController()
 8 SYSTEMPATH/CodeIgniter.php(340): CodeIgniter\CodeIgniter->handleRequest()
 9 SYSTEMPATH/Boot.php(417): CodeIgniter\CodeIgniter->run()
10 SYSTEMPATH/Boot.php(68): CodeIgniter\Boot::runCodeIgniter()
11 FCPATH/index.php(59): CodeIgniter\Boot::bootWeb()
